c:\users\awezen\source\repos\spelprojekt\spelprojekt\debug\vc141.pdb
c:\users\awezen\source\repos\spelprojekt\spelprojekt\debug\vc141.idb
c:\users\awezen\source\repos\spelprojekt\spelprojekt\debug\alien.obj
c:\users\awezen\source\repos\spelprojekt\spelprojekt\debug\bullet.obj
c:\users\awezen\source\repos\spelprojekt\spelprojekt\debug\enemie.obj
c:\users\awezen\source\repos\spelprojekt\spelprojekt\debug\game.obj
c:\users\awezen\source\repos\spelprojekt\spelprojekt\debug\main.obj
c:\users\awezen\source\repos\spelprojekt\spelprojekt\debug\player.obj
c:\users\awezen\source\repos\spelprojekt\spelprojekt\debug\rocket.obj
c:\users\awezen\source\repos\spelprojekt\spelprojekt\debug\shot.obj
c:\users\awezen\source\repos\spelprojekt\spelprojekt\debug\enemiehandler.obj
c:\users\awezen\source\repos\spelprojekt\spelprojekt\debug\ship.obj
c:\users\awezen\source\repos\spelprojekt\debug\spelprojekt.exe
c:\users\awezen\source\repos\spelprojekt\debug\spelprojekt.ilk
c:\users\awezen\source\repos\spelprojekt\debug\spelprojekt.pdb
c:\users\awezen\source\repos\spelprojekt\spelprojekt\debug\alien.new.obj.enc
c:\users\awezen\source\repos\spelprojekt\spelprojekt\debug\enemie.new.obj.enc
c:\users\awezen\source\repos\spelprojekt\spelprojekt\debug\enemiehandler.new.obj.enc
c:\users\awezen\source\repos\spelprojekt\spelprojekt\debug\game.new.obj.enc
c:\users\awezen\source\repos\spelprojekt\spelprojekt\debug\main.new.obj.enc
c:\users\awezen\source\repos\spelprojekt\spelprojekt\debug\player.obj.enc
c:\users\awezen\source\repos\spelprojekt\spelprojekt\debug\ship.new.obj.enc
c:\users\awezen\source\repos\spelprojekt\spelprojekt\debug\spelprojekt.tlog\cl.command.1.tlog
c:\users\awezen\source\repos\spelprojekt\spelprojekt\debug\spelprojekt.tlog\cl.read.1.tlog
c:\users\awezen\source\repos\spelprojekt\spelprojekt\debug\spelprojekt.tlog\cl.write.1.tlog
c:\users\awezen\source\repos\spelprojekt\spelprojekt\debug\spelprojekt.tlog\link.command.1.tlog
c:\users\awezen\source\repos\spelprojekt\spelprojekt\debug\spelprojekt.tlog\link.read.1.tlog
c:\users\awezen\source\repos\spelprojekt\spelprojekt\debug\spelprojekt.tlog\link.write.1.tlog
